<?xml version="1.0" encoding="UTF-8"?>
<!-- Generated by org.testng.reporters.JUnitReportReporter -->
<testsuite hostname="DESKTOP-DVKSCCQ" failures="0" tests="2" name="CalculatorTest" time="0.000" errors="0" timestamp="13 апр. 2020 14:29:40 GMT" skipped="0">
  <testcase classname="CalculatorTest" name="addTwoNumbers" time="0.000"/>
  <testcase classname="CalculatorTest" name="subtractTwoNumbers" time="0.000"/>
</testsuite> <!-- CalculatorTest -->
