<?xml version="1.0" encoding="UTF-8"?>
<!-- Generated by org.testng.reporters.JUnitReportReporter -->
<testsuite hostname="DESKTOP-DVKSCCQ" failures="0" tests="1" name="SeleniumTest" time="12.874" errors="0" timestamp="13 апр. 2020 14:29:40 GMT" skipped="0">
  <testcase classname="SeleniumTest" name="SimpleSeleniumTest" time="12.874"/>
</testsuite> <!-- SeleniumTest -->
