<?xml version="1.0" encoding="UTF-8"?>
<!-- Generated by org.testng.reporters.JUnitReportReporter -->
<testsuite hostname="DESKTOP-DVKSCCQ" failures="0" tests="1" name="SeleniumTest" time="11.559" errors="0" timestamp="2020-04-15T14:56:05 EEST" skipped="0">
  <testcase classname="SeleniumTest" name="SimpleSeleniumTest" time="11.559"/>
  <system-out/>
</testsuite> <!-- SeleniumTest -->
