<?xml version="1.0" encoding="UTF-8"?>
<!-- Generated by org.testng.reporters.JUnitReportReporter -->
<testsuite hostname="DESKTOP-DVKSCCQ" failures="0" tests="2" name="CalculatorTest" time="0.003" errors="0" timestamp="2020-04-13T17:33:18 EEST" skipped="0">
  <testcase classname="CalculatorTest" name="addTwoNumbers" time="0.003"/>
  <system-out/>
  <testcase classname="CalculatorTest" name="subtractTwoNumbers" time="0.000"/>
  <system-out/>
</testsuite> <!-- CalculatorTest -->
