<?xml version="1.0" encoding="UTF-8"?>
<!-- Generated by org.testng.reporters.JUnitReportReporter -->
<testsuite hostname="DESKTOP-DVKSCCQ" failures="0" tests="1" name="SeleniumTest" time="12.619" errors="0" timestamp="2020-04-13T17:33:18 EEST" skipped="0">
  <testcase classname="SeleniumTest" name="SimpleSeleniumTest" time="12.619"/>
  <system-out/>
</testsuite> <!-- SeleniumTest -->
